
> rest-express@1.0.0 check
> tsc

client/src/components/digital-portfolio.tsx(52,5): error TS2741: Property 'milestoneId' is missing in type '{ id: number; studentId: number; submissionId: number; title: string; description: string; artifactUrl: string; artifactType: string; tags: any; isPublic: true; isApproved: true; createdAt: Date; }' but required in type '{ id: number; createdAt: Date | null; description: string | null; title: string; isPublic: boolean | null; studentId: number | null; milestoneId: number | null; submissionId: number | null; artifactUrl: string | null; artifactType: string | null; tags: unknown; isApproved: boolean | null; }'.
client/src/components/digital-portfolio.tsx(65,5): error TS2741: Property 'milestoneId' is missing in type '{ id: number; studentId: number; submissionId: number; title: string; description: string; artifactUrl: string; artifactType: string; tags: any; isPublic: true; isApproved: true; createdAt: Date; }' but required in type '{ id: number; createdAt: Date | null; description: string | null; title: string; isPublic: boolean | null; studentId: number | null; milestoneId: number | null; submissionId: number | null; artifactUrl: string | null; artifactType: string | null; tags: unknown; isApproved: boolean | null; }'.
client/src/components/digital-portfolio.tsx(78,5): error TS2741: Property 'milestoneId' is missing in type '{ id: number; studentId: number; submissionId: number; title: string; description: string; artifactUrl: string; artifactType: string; tags: any; isPublic: true; isApproved: true; createdAt: Date; }' but required in type '{ id: number; createdAt: Date | null; description: string | null; title: string; isPublic: boolean | null; studentId: number | null; milestoneId: number | null; submissionId: number | null; artifactUrl: string | null; artifactType: string | null; tags: unknown; isApproved: boolean | null; }'.
client/src/components/digital-portfolio.tsx(299,40): error TS2345: Argument of type 'string | null' is not assignable to parameter of type 'string'.
  Type 'null' is not assignable to type 'string'.
client/src/components/digital-portfolio.tsx(342,41): error TS2345: Argument of type 'Date | null' is not assignable to parameter of type 'string | Date'.
  Type 'null' is not assignable to type 'string | Date'.
client/src/components/digital-portfolio.tsx(376,39): error TS2345: Argument of type 'Date | null' is not assignable to parameter of type 'string | Date'.
  Type 'null' is not assignable to type 'string | Date'.
client/src/components/modals/assessment-modal.tsx(74,40): error TS2339: Property 'id' does not exist on type 'Response'.
client/src/components/modals/assessment-modal.tsx(92,41): error TS2339: Property 'title' does not exist on type 'Response'.
client/src/components/modals/assessment-modal.tsx(93,47): error TS2339: Property 'description' does not exist on type 'Response'.
client/src/components/modals/assessment-modal.tsx(94,45): error TS2339: Property 'questions' does not exist on type 'Response'.
client/src/components/modals/create-assessment-modal.tsx(275,37): error TS18046: 'hierarchy' is of type 'unknown'.
client/src/components/modals/create-assessment-modal.tsx(363,37): error TS18046: 'hierarchy' is of type 'unknown'.
client/src/components/modals/create-assessment-modal.tsx(462,17): error TS7022: 'templateIndex' implicitly has type 'any' because it does not have a type annotation and is referenced directly or indirectly in its own initializer.
client/src/components/modals/create-assessment-modal.tsx(617,28): error TS18046: 'hierarchy' is of type 'unknown'.
client/src/components/modals/create-assessment-modal.tsx(747,26): error TS18046: 'hierarchy' is of type 'unknown'.
client/src/components/modals/project-management-modal.tsx(15,29): error TS2307: Cannot find module '../discussion-forum' or its corresponding type declarations.
client/src/components/modals/project-management-modal.tsx(339,26): error TS2339: Property 'dueDate' does not exist on type 'Project'.
client/src/components/modals/project-management-modal.tsx(339,60): error TS2339: Property 'dueDate' does not exist on type 'Project'.
client/src/components/modals/project-management-modal.tsx(384,7): error TS2353: Object literal may only specify known properties, and 'dueDate' does not exist in type '{ title: string; description: string; }'.
client/src/components/modals/project-management-modal.tsx(414,20): error TS2339: Property 'dueDate' does not exist on type 'Project'.
client/src/components/modals/project-management-modal.tsx(415,46): error TS2339: Property 'dueDate' does not exist on type 'Project'.
client/src/components/modals/project-management-modal.tsx(598,49): error TS2339: Property 'status' does not exist on type 'Project'.
client/src/components/modals/project-management-modal.tsx(598,91): error TS2339: Property 'status' does not exist on type 'Project'.
client/src/components/modals/project-management-modal.tsx(599,36): error TS2339: Property 'status' does not exist on type 'Project'.
client/src/components/modals/project-management-modal.tsx(600,36): error TS2339: Property 'status' does not exist on type 'Project'.
client/src/components/modals/project-management-modal.tsx(601,36): error TS2339: Property 'status' does not exist on type 'Project'.
client/src/components/modals/project-management-modal.tsx(607,34): error TS2339: Property 'dueDate' does not exist on type 'Project'.
client/src/components/modals/project-management-modal.tsx(608,63): error TS2339: Property 'dueDate' does not exist on type 'Project'.
client/src/components/modals/project-management-modal.tsx(674,41): error TS2339: Property 'schoolId' does not exist on type 'Project'.
client/src/components/modals/project-management-modal.tsx(735,29): error TS2339: Property 'status' does not exist on type 'Project'.
client/src/components/modals/project-management-modal.tsx(816,55): error TS2339: Property 'dueDate' does not exist on type 'Project'.
client/src/components/modals/project-management-modal.tsx(816,89): error TS2339: Property 'dueDate' does not exist on type 'Project'.
client/src/components/modals/project-management-modal.tsx(885,31): error TS2339: Property 'schoolId' does not exist on type 'Project'.
client/src/components/modals/project-management-modal.tsx(898,31): error TS2339: Property 'schoolId' does not exist on type 'Project'.
client/src/components/modals/standalone-assessment-modal.tsx(223,57): error TS7006: Parameter 'competency' implicitly has an 'any' type.
client/src/components/modals/standalone-assessment-modal.tsx(226,67): error TS7006: Parameter 'skill' implicitly has an 'any' type.
client/src/components/modals/standalone-assessment-modal.tsx(230,69): error TS2345: Argument of type 'any' is not assignable to parameter of type 'never'.
client/src/components/modals/standalone-assessment-modal.tsx(313,37): error TS2322: Type '"open-ended" | "multiple-choice" | "short-answer"' is not assignable to type '"open-ended"'.
  Type '"multiple-choice"' is not assignable to type '"open-ended"'.
client/src/components/modals/team-edit-modal.tsx(96,28): error TS18046: 'teamMembers' is of type 'unknown'.
client/src/components/modals/team-edit-modal.tsx(97,29): error TS18046: 'allStudents' is of type 'unknown'.
client/src/components/modals/team-edit-modal.tsx(132,20): error TS18046: 'teamMembers' is of type 'unknown'.
client/src/components/modals/team-edit-modal.tsx(140,21): error TS18046: 'teamMembers' is of type 'unknown'.
client/src/components/modals/team-edit-modal.tsx(147,22): error TS18046: 'teamMembers' is of type 'unknown'.
client/src/components/notification-system.tsx(48,57): error TS2339: Property 'map' does not exist on type '{}'.
client/src/components/school-skills-tracker.tsx(295,16): error TS18046: 'learnerOutcomes' is of type 'unknown'.
client/src/components/student-progress-view.tsx(64,28): error TS18046: 'studentsProgress' is of type 'unknown'.
client/src/hooks/useDataFetching.ts(269,25): error TS2322: Type 'string' is not assignable to type 'QueryKey'.
client/src/hooks/useDataFetching.ts(276,25): error TS2322: Type 'string' is not assignable to type 'QueryKey'.
client/src/hooks/useDataFetching.ts(276,42): error TS2322: Type 'string' is not assignable to type 'QueryKey'.
client/src/hooks/useDataFetching.ts(283,25): error TS2322: Type 'string' is not assignable to type 'QueryKey'.
client/src/hooks/useDataFetching.ts(299,27): error TS2322: Type 'string' is not assignable to type 'QueryKey'.
client/src/pages/admin/dashboard.tsx(53,33): error TS2339: Property 'role' does not exist on type '{}'.
client/src/pages/admin/dashboard.tsx(56,24): error TS2339: Property 'role' does not exist on type '{}'.
client/src/pages/admin/dashboard.tsx(62,41): error TS2339: Property 'role' does not exist on type '{}'.
client/src/pages/admin/password-reset.tsx(34,32): error TS2339: Property 'filter' does not exist on type '{}'.
client/src/pages/home.tsx(12,20): error TS2339: Property 'role' does not exist on type '{}'.
client/src/pages/student/dashboard.tsx(43,54): error TS2322: Type 'boolean | null' is not assignable to type 'boolean | undefined'.
  Type 'null' is not assignable to type 'boolean | undefined'.
client/src/pages/student/dashboard.tsx(43,70): error TS2322: Type 'boolean | null' is not assignable to type 'boolean | undefined'.
  Type 'null' is not assignable to type 'boolean | undefined'.
client/src/pages/student/dashboard.tsx(242,51): error TS7006: Parameter 'submission' implicitly has an 'any' type.
client/src/pages/student/dashboard.tsx(248,65): error TS7006: Parameter 'submission' implicitly has an 'any' type.
client/src/pages/student/dashboard.tsx(290,39): error TS7006: Parameter 'submission' implicitly has an 'any' type.
client/src/pages/student/dashboard.tsx(317,22): error TS2339: Property 'id' does not exist on type '{}'.
client/src/pages/student/dashboard.tsx(317,34): error TS2339: Property 'role' does not exist on type '{}'.
client/src/pages/student/dashboard.tsx(338,61): error TS18046: 'projects' is of type 'unknown'.
client/src/pages/student/dashboard.tsx(338,74): error TS7006: Parameter 'p' implicitly has an 'any' type.
client/src/pages/student/dashboard.tsx(339,22): error TS2339: Property 'id' does not exist on type '{}'.
client/src/pages/student/dashboard.tsx(339,28): error TS18046: 'projects' is of type 'unknown'.
client/src/pages/student/dashboard.tsx(342,29): error TS18046: 'projects' is of type 'unknown'.
client/src/pages/student/dashboard.tsx(390,28): error TS18046: 'projects' is of type 'unknown'.
client/src/pages/student/dashboard.tsx(390,44): error TS7006: Parameter 'project' implicitly has an 'any' type.
client/src/pages/student/dashboard.tsx(395,59): error TS7006: Parameter 'project' implicitly has an 'any' type.
client/src/pages/student/dashboard.tsx(438,36): error TS7006: Parameter 'project' implicitly has an 'any' type.
client/src/pages/student/dashboard.tsx(442,11): error TS2322: Type 'any[]' is not assignable to type 'never[]'.
  Type 'any' is not assignable to type 'never'.
client/src/pages/student/dashboard.tsx(452,33): error TS7031: Binding element 'project' implicitly has an 'any' type.
client/src/pages/student/dashboard.tsx(452,59): error TS7031: Binding element 'searchQuery' implicitly has an 'any' type.
client/src/pages/student/dashboard.tsx(466,36): error TS7006: Parameter 'milestone' implicitly has an 'any' type.
client/src/pages/student/dashboard.tsx(513,37): error TS2339: Property 'id' does not exist on type 'never'.
client/src/pages/student/dashboard.tsx(517,59): error TS2339: Property 'title' does not exist on type 'never'.
client/src/pages/student/dashboard.tsx(519,76): error TS2339: Property 'description' does not exist on type 'never'.
client/src/pages/student/dashboard.tsx(523,52): error TS2339: Property 'dueDate' does not exist on type 'never'.
client/src/pages/student/dashboard.tsx(525,36): error TS2339: Property 'xqRubricLevel' does not exist on type 'never'.
client/src/pages/student/dashboard.tsx(528,47): error TS2339: Property 'xqRubricLevel' does not exist on type 'never'.
client/src/pages/student/dashboard.tsx(538,30): error TS2339: Property 'deliverables' does not exist on type 'never'.
client/src/pages/student/dashboard.tsx(538,56): error TS2339: Property 'deliverables' does not exist on type 'never'.
client/src/pages/student/dashboard.tsx(542,36): error TS2339: Property 'deliverables' does not exist on type 'never'.
client/src/pages/student/dashboard.tsx(542,54): error TS7006: Parameter 'deliverable' implicitly has an 'any' type.
client/src/pages/student/dashboard.tsx(542,67): error TS7006: Parameter 'idx' implicitly has an 'any' type.
client/src/pages/student/dashboard.tsx(552,30): error TS2339: Property 'assessments' does not exist on type 'never'.
client/src/pages/student/dashboard.tsx(552,55): error TS2339: Property 'assessments' does not exist on type 'never'.
client/src/pages/student/dashboard.tsx(556,36): error TS2339: Property 'assessments' does not exist on type 'never'.
client/src/pages/student/dashboard.tsx(556,53): error TS7006: Parameter 'assessment' implicitly has an 'any' type.
client/src/pages/student/dashboard.tsx(556,65): error TS7006: Parameter 'idx' implicitly has an 'any' type.
client/src/pages/student/dashboard.tsx(586,27): error TS7031: Binding element 'assessment' implicitly has an 'any' type.
client/src/pages/student/dashboard.tsx(586,39): error TS7031: Binding element 'milestone' implicitly has an 'any' type.
client/src/pages/student/dashboard.tsx(597,27): error TS7006: Parameter 'submission' implicitly has an 'any' type.
client/src/pages/student/dashboard.tsx(668,50): error TS2339: Property 'submittedAt' does not exist on type 'never'.
client/src/pages/student/dashboard.tsx(673,23): error TS2339: Property 'status' does not exist on type 'never'.
client/src/pages/student/dashboard.tsx(674,23): error TS2339: Property 'earnedCredentials' does not exist on type 'never'.
client/src/pages/student/dashboard.tsx(675,23): error TS2339: Property 'earnedCredentials' does not exist on type 'never'.
client/src/pages/student/dashboard.tsx(682,29): error TS2339: Property 'earnedCredentials' does not exist on type 'never'.
client/src/pages/student/dashboard.tsx(682,52): error TS7006: Parameter 'credential' implicitly has an 'any' type.
client/src/pages/student/dashboard.tsx(695,23): error TS2339: Property 'questions' does not exist on type 'never'.
client/src/pages/student/dashboard.tsx(695,47): error TS2339: Property 'questions' does not exist on type 'never'.
client/src/pages/student/dashboard.tsx(699,29): error TS2339: Property 'questions' does not exist on type 'never'.
client/src/pages/student/dashboard.tsx(699,44): error TS7006: Parameter 'question' implicitly has an 'any' type.
client/src/pages/student/dashboard.tsx(699,54): error TS7006: Parameter 'index' implicitly has an 'any' type.
client/src/pages/student/dashboard.tsx(706,54): error TS2339: Property 'responses' does not exist on type 'never'.
client/src/pages/student/dashboard.tsx(707,55): error TS2339: Property 'responses' does not exist on type 'never'.
client/src/pages/student/dashboard.tsx(707,70): error TS7006: Parameter 'r' implicitly has an 'any' type.
client/src/pages/student/dashboard.tsx(709,47): error TS2339: Property 'responses' does not exist on type 'never'.
client/src/pages/student/dashboard.tsx(709,78): error TS2339: Property 'responses' does not exist on type 'never'.
client/src/pages/student/dashboard.tsx(710,45): error TS2339: Property 'responses' does not exist on type 'never'.
client/src/pages/student/dashboard.tsx(715,33): error TS2339: Property 'status' does not exist on type 'never'.
client/src/pages/student/dashboard.tsx(715,67): error TS2339: Property 'grades' does not exist on type 'never'.
client/src/pages/student/dashboard.tsx(715,88): error TS2339: Property 'grades' does not exist on type 'never'.
client/src/pages/student/dashboard.tsx(718,37): error TS2339: Property 'grades' does not exist on type 'never'.
client/src/pages/student/dashboard.tsx(718,49): error TS7006: Parameter 'grade' implicitly has an 'any' type.
client/src/pages/student/dashboard.tsx(772,37): error TS7031: Binding element 'submission' implicitly has an 'any' type.
client/src/pages/student/dashboard.tsx(775,27): error TS7006: Parameter 'submission' implicitly has an 'any' type.
client/src/pages/student/dashboard.tsx(844,44): error TS7006: Parameter 'question' implicitly has an 'any' type.
client/src/pages/student/dashboard.tsx(844,54): error TS7006: Parameter 'index' implicitly has an 'any' type.
client/src/pages/student/dashboard.tsx(863,72): error TS7006: Parameter 'r' implicitly has an 'any' type.
client/src/pages/student/dashboard.tsx(887,43): error TS7006: Parameter 'grade' implicitly has an 'any' type.
client/src/pages/student/enter-code.tsx(25,13): error TS2339: Property 'role' does not exist on type '{}'.
client/src/pages/student/milestone-detail.tsx(173,33): error TS2339: Property 'role' does not exist on type '{}'.
client/src/pages/student/milestone-detail.tsx(198,50): error TS7006: Parameter 'submission' implicitly has an 'any' type.
client/src/pages/student/portfolio.tsx(62,50): error TS2339: Property 'id' does not exist on type '{}'.
client/src/pages/student/portfolio.tsx(63,39): error TS2339: Property 'role' does not exist on type '{}'.
client/src/pages/student/portfolio.tsx(63,69): error TS2339: Property 'id' does not exist on type '{}'.
client/src/pages/student/portfolio.tsx(69,50): error TS2339: Property 'id' does not exist on type '{}'.
client/src/pages/student/portfolio.tsx(70,39): error TS2339: Property 'role' does not exist on type '{}'.
client/src/pages/student/portfolio.tsx(70,69): error TS2339: Property 'id' does not exist on type '{}'.
client/src/pages/student/portfolio.tsx(79,83): error TS2339: Property 'id' does not exist on type '{}'.
client/src/pages/student/portfolio.tsx(123,33): error TS2339: Property 'role' does not exist on type '{}'.
client/src/pages/student/portfolio.tsx(131,29): error TS18046: 'allArtifacts' is of type 'unknown'.
client/src/pages/student/portfolio.tsx(131,49): error TS7006: Parameter 'artifact' implicitly has an 'any' type.
client/src/pages/student/portfolio.tsx(140,31): error TS18046: 'credentials' is of type 'unknown'.
client/src/pages/student/portfolio.tsx(140,50): error TS7006: Parameter 'credential' implicitly has an 'any' type.
client/src/pages/student/portfolio.tsx(161,12): error TS18046: 'credentials' is of type 'unknown'.
client/src/pages/student/portfolio.tsx(161,31): error TS7006: Parameter 'c' implicitly has an 'any' type.
client/src/pages/student/portfolio.tsx(186,92): error TS2339: Property 'id' does not exist on type '{}'.
client/src/pages/student/portfolio.tsx(252,22): error TS18046: 'allArtifacts' is of type 'unknown'.
client/src/pages/student/portfolio.tsx(340,43): error TS7006: Parameter 'artifact' implicitly has an 'any' type.
client/src/pages/student/portfolio.tsx(406,52): error TS2339: Property 'id' does not exist on type '{}'.
client/src/pages/student/portfolio.tsx(444,45): error TS7006: Parameter 'credential' implicitly has an 'any' type.
client/src/pages/student/portfolio.tsx(489,98): error TS2339: Property 'id' does not exist on type '{}'.
client/src/pages/student/project-detail.tsx(101,47): error TS7006: Parameter 'milestone' implicitly has an 'any' type.
client/src/pages/student/project-detail.tsx(103,60): error TS7006: Parameter 'submission' implicitly has an 'any' type.
client/src/pages/student/project-detail.tsx(111,55): error TS7006: Parameter 's' implicitly has an 'any' type.
client/src/pages/student/project-detail.tsx(123,60): error TS7006: Parameter 'submission' implicitly has an 'any' type.
client/src/pages/student/project-detail.tsx(145,59): error TS7006: Parameter 'm' implicitly has an 'any' type.
client/src/pages/student/project-detail.tsx(150,57): error TS7006: Parameter 'm' implicitly has an 'any' type.
client/src/pages/student/project-detail.tsx(154,58): error TS7006: Parameter 'm' implicitly has an 'any' type.
client/src/pages/student/project-detail.tsx(169,33): error TS2339: Property 'role' does not exist on type '{}'.
client/src/pages/student/project-detail.tsx(362,50): error TS7006: Parameter 'milestone' implicitly has an 'any' type.
client/src/pages/student/project-detail.tsx(362,61): error TS7006: Parameter 'index' implicitly has an 'any' type.
client/src/pages/student/project-detail.tsx(433,86): error TS7006: Parameter 'submission' implicitly has an 'any' type.
client/src/pages/student/project-detail.tsx(438,91): error TS7006: Parameter 'latest' implicitly has an 'any' type.
client/src/pages/student/project-detail.tsx(438,99): error TS7006: Parameter 'current' implicitly has an 'any' type.
client/src/pages/student/project-detail.tsx(455,86): error TS7006: Parameter 'submission' implicitly has an 'any' type.
client/src/pages/student/project-detail.tsx(460,87): error TS7006: Parameter 'latest' implicitly has an 'any' type.
client/src/pages/student/project-detail.tsx(460,95): error TS7006: Parameter 'current' implicitly has an 'any' type.
client/src/pages/student/projects.tsx(53,39): error TS2339: Property 'role' does not exist on type '{}'.
client/src/pages/student/projects.tsx(74,44): error TS18046: 'projects' is of type 'unknown'.
client/src/pages/student/projects.tsx(74,57): error TS7006: Parameter 'p' implicitly has an 'any' type.
client/src/pages/student/projects.tsx(75,33): error TS18046: 'projects' is of type 'unknown'.
client/src/pages/student/projects.tsx(78,29): error TS18046: 'projects' is of type 'unknown'.
client/src/pages/student/projects.tsx(133,33): error TS2339: Property 'role' does not exist on type '{}'.
client/src/pages/student/projects.tsx(138,28): error TS18046: 'projects' is of type 'unknown'.
client/src/pages/student/projects.tsx(138,44): error TS7006: Parameter 'project' implicitly has an 'any' type.
client/src/pages/student/projects.tsx(146,12): error TS18046: 'projects' is of type 'unknown'.
client/src/pages/student/projects.tsx(146,28): error TS7006: Parameter 'p' implicitly has an 'any' type.
client/src/pages/student/projects.tsx(211,22): error TS18046: 'projects' is of type 'unknown'.
client/src/pages/student/projects.tsx(211,39): error TS7006: Parameter 'sum' implicitly has an 'any' type.
client/src/pages/student/projects.tsx(211,44): error TS7006: Parameter 'p' implicitly has an 'any' type.
client/src/pages/student/projects.tsx(228,22): error TS18046: 'projects' is of type 'unknown'.
client/src/pages/student/projects.tsx(228,39): error TS7006: Parameter 'sum' implicitly has an 'any' type.
client/src/pages/student/projects.tsx(228,44): error TS7006: Parameter 'p' implicitly has an 'any' type.
client/src/pages/student/projects.tsx(308,38): error TS7006: Parameter 'project' implicitly has an 'any' type.
client/src/pages/student/projects.tsx(393,55): error TS18046: 'projects' is of type 'unknown'.
client/src/pages/student/take-assessment.tsx(233,37): error TS18046: 'componentSkillsDetails' is of type 'unknown'.
client/src/pages/student/take-assessment.tsx(249,9): error TS2783: 'componentSkillId' is specified more than once, so this usage will be overwritten.
client/src/pages/student/take-assessment.tsx(250,9): error TS2783: 'selfAssessedLevel' is specified more than once, so this usage will be overwritten.
client/src/pages/student/take-assessment.tsx(251,9): error TS2783: 'justification' is specified more than once, so this usage will be overwritten.
client/src/pages/student/take-assessment.tsx(252,9): error TS2783: 'examples' is specified more than once, so this usage will be overwritten.
client/src/pages/student/take-assessment.tsx(495,48): error TS2345: Argument of type 'unknown' is not assignable to parameter of type 'ComponentSkill[]'.
client/src/pages/student/take-assessment.tsx(502,54): error TS2345: Argument of type 'unknown' is not assignable to parameter of type 'ComponentSkill[]'.
client/src/pages/student/take-assessment.tsx(584,106): error TS2345: Argument of type 'Partial<SelfEvaluationData>' is not assignable to parameter of type 'Partial<SelfEvaluationData>'.
  Types of property 'selfAssessedLevel' are incompatible.
    Type '"" | "emerging" | "developing" | "proficient" | "applying" | undefined' is not assignable to type '"emerging" | "developing" | "proficient" | "applying" | undefined'.
      Type '""' is not assignable to type '"emerging" | "developing" | "proficient" | "applying" | undefined'.
client/src/pages/student/take-assessment.tsx(684,38): error TS2339: Property 'username' does not exist on type '{}'.
client/src/pages/teacher/assessment-submissions.tsx(264,25): error TS7006: Parameter 'submission' implicitly has an 'any' type.
client/src/pages/teacher/assessment-submissions.tsx(270,35): error TS7006: Parameter 'grade' implicitly has an 'any' type.
client/src/pages/teacher/assessment-submissions.tsx(318,17): error TS7006: Parameter 'sub' implicitly has an 'any' type.
client/src/pages/teacher/assessment-submissions.tsx(319,14): error TS7006: Parameter 'sub' implicitly has an 'any' type.
client/src/pages/teacher/assessment-submissions.tsx(395,54): error TS7006: Parameter 'sub' implicitly has an 'any' type.
client/src/pages/teacher/assessment-submissions.tsx(789,64): error TS7006: Parameter 's' implicitly has an 'any' type.
client/src/pages/teacher/assessment-submissions.tsx(790,48): error TS2345: Argument of type 'Set<unknown>' is not assignable to parameter of type 'SetStateAction<Set<number>>'.
  Type 'Set<unknown>' is not assignable to type 'Set<number>'.
    Type 'unknown' is not assignable to type 'number'.
client/src/pages/teacher/assessment-submissions.tsx(804,60): error TS7006: Parameter 's' implicitly has an 'any' type.
client/src/pages/teacher/assessment-submissions.tsx(805,44): error TS2345: Argument of type 'Set<unknown>' is not assignable to parameter of type 'SetStateAction<Set<number>>'.
  Type 'Set<unknown>' is not assignable to type 'Set<number>'.
    Type 'unknown' is not assignable to type 'number'.
client/src/pages/teacher/assessment-submissions.tsx(839,30): error TS7006: Parameter 'submission' implicitly has an 'any' type.
client/src/pages/teacher/assessment-submissions.tsx(851,68): error TS7006: Parameter 'n' implicitly has an 'any' type.
client/src/pages/teacher/assessment-submissions.tsx(958,72): error TS7006: Parameter 'r' implicitly has an 'any' type.
client/src/pages/teacher/assessment-submissions.tsx(1027,54): error TS7006: Parameter 'grade' implicitly has an 'any' type.
client/src/pages/teacher/assessment-submissions.tsx(1064,54): error TS7006: Parameter 'grade' implicitly has an 'any' type.
client/src/pages/teacher/assessment-submissions.tsx(1108,77): error TS7006: Parameter 'g' implicitly has an 'any' type.
client/src/pages/teacher/dashboard.tsx(46,54): error TS2322: Type 'boolean | null' is not assignable to type 'boolean | undefined'.
  Type 'null' is not assignable to type 'boolean | undefined'.
client/src/pages/teacher/dashboard.tsx(46,70): error TS2322: Type 'boolean | null' is not assignable to type 'boolean | undefined'.
  Type 'null' is not assignable to type 'boolean | undefined'.
client/src/pages/teacher/dashboard.tsx(51,39): error TS2339: Property 'role' does not exist on type '{}'.
client/src/pages/teacher/dashboard.tsx(58,39): error TS2339: Property 'role' does not exist on type '{}'.
client/src/pages/teacher/dashboard.tsx(69,33): error TS2339: Property 'role' does not exist on type '{}'.
client/src/pages/teacher/dashboard.tsx(73,26): error TS18046: 'projects' is of type 'unknown'.
client/src/pages/teacher/dashboard.tsx(73,42): error TS7006: Parameter 'p' implicitly has an 'any' type.
client/src/pages/teacher/dashboard.tsx(74,25): error TS18046: 'projects' is of type 'unknown'.
client/src/pages/teacher/dashboard.tsx(74,42): error TS7006: Parameter 'sum' implicitly has an 'any' type.
client/src/pages/teacher/dashboard.tsx(74,47): error TS7006: Parameter 'project' implicitly has an 'any' type.
client/src/pages/teacher/dashboard.tsx(76,30): error TS18046: 'credentials' is of type 'unknown'.
client/src/pages/teacher/dashboard.tsx(89,39): error TS2339: Property 'username' does not exist on type '{}'.
client/src/pages/teacher/dashboard.tsx(95,48): error TS2339: Property 'id' does not exist on type '{}'.
client/src/pages/teacher/enhanced-dashboard.tsx(204,22): error TS2304: Cannot find name 'Calendar'.
client/src/pages/teacher/enhanced-dashboard.tsx(215,22): error TS2304: Cannot find name 'AlertTriangle'.
client/src/pages/teacher/enhanced-dashboard.tsx(220,20): error TS2304: Cannot find name 'pendingTasks'.
client/src/pages/teacher/enhanced-dashboard.tsx(220,50): error TS7006: Parameter 'task' implicitly has an 'any' type.
client/src/pages/teacher/enhanced-dashboard.tsx(230,26): error TS2304: Cannot find name 'Badge'.
client/src/pages/teacher/enhanced-dashboard.tsx(232,27): error TS2304: Cannot find name 'Badge'.
client/src/pages/teacher/enhanced-dashboard.tsx(240,16): error TS2304: Cannot find name 'ProgressTracker'.
client/src/pages/teacher/enhanced-dashboard.tsx(241,29): error TS2304: Cannot find name 'milestones'.
client/src/pages/teacher/enhanced-dashboard.tsx(250,16): error TS2304: Cannot find name 'projects'.
client/src/pages/teacher/enhanced-dashboard.tsx(250,30): error TS7006: Parameter 'project' implicitly has an 'any' type.
client/src/pages/teacher/enhanced-dashboard.tsx(263,24): error TS2552: Cannot find name 'Progress'. Did you mean 'onprogress'?
client/src/pages/teacher/enhanced-dashboard.tsx(271,24): error TS2304: Cannot find name 'Badge'.
client/src/pages/teacher/enhanced-dashboard.tsx(273,25): error TS2304: Cannot find name 'Badge'.
client/src/pages/teacher/enhanced-dashboard.tsx(285,27): error TS2304: Cannot find name 'setSelectedProjectId'.
client/src/pages/teacher/enhanced-dashboard.tsx(286,27): error TS2304: Cannot find name 'setShowProjectManagement'.
client/src/pages/teacher/enhanced-dashboard.tsx(301,16): error TS2304: Cannot find name 'pendingTasks'.
client/src/pages/teacher/enhanced-dashboard.tsx(301,34): error TS7006: Parameter 'task' implicitly has an 'any' type.
client/src/pages/teacher/enhanced-dashboard.tsx(316,26): error TS2304: Cannot find name 'Badge'.
client/src/pages/teacher/enhanced-dashboard.tsx(318,27): error TS2304: Cannot find name 'Badge'.
client/src/pages/teacher/projects.tsx(63,39): error TS2339: Property 'role' does not exist on type '{}'.
client/src/pages/teacher/projects.tsx(69,39): error TS18046: 'projects' is of type 'unknown'.
client/src/pages/teacher/projects.tsx(69,52): error TS7006: Parameter 'p' implicitly has an 'any' type.
client/src/pages/teacher/projects.tsx(70,33): error TS18046: 'projects' is of type 'unknown'.
client/src/pages/teacher/projects.tsx(73,29): error TS18046: 'projects' is of type 'unknown'.
client/src/pages/teacher/projects.tsx(125,33): error TS2339: Property 'role' does not exist on type '{}'.
client/src/pages/teacher/projects.tsx(130,28): error TS18046: 'projects' is of type 'unknown'.
client/src/pages/teacher/projects.tsx(130,44): error TS7006: Parameter 'project' implicitly has an 'any' type.
client/src/pages/teacher/projects.tsx(151,12): error TS18046: 'projects' is of type 'unknown'.
client/src/pages/teacher/projects.tsx(151,28): error TS7006: Parameter 'p' implicitly has an 'any' type.
client/src/pages/teacher/projects.tsx(332,38): error TS7006: Parameter 'project' implicitly has an 'any' type.
client/src/pages/teacher/projects.tsx(355,55): error TS18046: 'projects' is of type 'unknown'.
server/domains/ai/ai.controller.ts(82,39): error TS2339: Property 'notifyTeacherOfSafetyIncident' does not exist on type 'NotificationService'.
server/domains/ai/ai.service.ts(244,28): error TS7006: Parameter 'question' implicitly has an 'any' type.
server/domains/ai/ai.service.ts(387,9): error TS2554: Expected 1 arguments, but got 4.
server/domains/ai/openai.service.ts(195,21): error TS2339: Property 'duration' does not exist on type '{ id: number; createdAt: Date | null; schoolId: number | null; updatedAt: Date | null; description: string | null; title: string; teacherId: number | null; thumbnailUrl: string | null; ... 7 more ...; estimatedDuration: string | null; }'.
server/domains/ai/openai.service.ts(255,37): error TS2339: Property 'competencyName' does not exist on type '{ name: string; id: number; createdAt: Date | null; competencyId: number | null; rubricLevels: unknown; }'.
server/domains/ai/openai.service.ts(255,63): error TS2339: Property 'learnerOutcomeName' does not exist on type '{ name: string; id: number; createdAt: Date | null; competencyId: number | null; rubricLevels: unknown; }'.
server/domains/ai/openai.service.ts(399,37): error TS2339: Property 'description' does not exist on type '{ name: string; id: number; createdAt: Date | null; competencyId: number | null; rubricLevels: unknown; }'.
server/domains/ai/openai.service.ts(399,59): error TS2339: Property 'competencyName' does not exist on type '{ name: string; id: number; createdAt: Date | null; competencyId: number | null; rubricLevels: unknown; }'.
server/domains/ai/openai.service.ts(399,85): error TS2339: Property 'learnerOutcomeName' does not exist on type '{ name: string; id: number; createdAt: Date | null; competencyId: number | null; rubricLevels: unknown; }'.
server/domains/ai/openai.service.ts(405,22): error TS2339: Property 'description' does not exist on type '{ name: string; id: number; createdAt: Date | null; competencyId: number | null; rubricLevels: unknown; }'.
server/domains/ai/openai.service.ts(406,26): error TS2339: Property 'competencyName' does not exist on type '{ name: string; id: number; createdAt: Date | null; competencyId: number | null; rubricLevels: unknown; }'.
server/domains/ai/openai.service.ts(406,52): error TS2339: Property 'learnerOutcomeName' does not exist on type '{ name: string; id: number; createdAt: Date | null; competencyId: number | null; rubricLevels: unknown; }'.
server/domains/ai/openai.service.ts(409,35): error TS2339: Property 'emerging' does not exist on type '{}'.
server/domains/ai/openai.service.ts(410,37): error TS2339: Property 'developing' does not exist on type '{}'.
server/domains/ai/openai.service.ts(411,37): error TS2339: Property 'proficient' does not exist on type '{}'.
server/domains/ai/openai.service.ts(412,35): error TS2339: Property 'applying' does not exist on type '{}'.
server/domains/ai/openai.service.ts(578,28): error TS2339: Property 'description' does not exist on type '{ name: string; id: number; createdAt: Date | null; competencyId: number | null; rubricLevels: unknown; }'.
server/domains/ai/openai.service.ts(579,26): error TS2339: Property 'competencyName' does not exist on type '{ name: string; id: number; createdAt: Date | null; competencyId: number | null; rubricLevels: unknown; }'.
server/domains/ai/openai.service.ts(580,27): error TS2339: Property 'learnerOutcomeName' does not exist on type '{ name: string; id: number; createdAt: Date | null; competencyId: number | null; rubricLevels: unknown; }'.
server/domains/ai/openai.service.ts(632,20): error TS7053: Element implicitly has an 'any' type because expression of type 'any' can't be used to index type '{ emerging: number; developing: number; proficient: number; applying: number; }'.
server/domains/assessments/assessments.service.ts(54,9): error TS2322: Type '{ [x: number]: number; length: number; toString: () => string; toLocaleString: { (): string; (locales: string | string[], options?: (NumberFormatOptions & DateTimeFormatOptions) | undefined): string; }; ... 37 more ...; readonly [Symbol.unscopables]: { ...; }; }' is not assignable to type 'number[]'.
  The types returned by 'pop()' are incompatible between these types.
    Type 'unknown' is not assignable to type 'number | undefined'.
server/domains/assessments/assessments.storage.ts(615,34): error TS2802: Type 'Set<number>' can only be iterated through when using the '--downlevelIteration' flag or with a '--target' of 'es2015' or higher.
server/domains/assessments/self-evaluations.controller.ts(40,47): error TS2339: Property 'generateSelfEvaluationFeedback' does not exist on type 'AssessmentService'.
server/domains/assessments/self-evaluations.controller.ts(49,51): error TS2339: Property 'createSelfEvaluation' does not exist on type 'AssessmentService'.
server/domains/assessments/self-evaluations.controller.ts(104,52): error TS2551: Property 'getSelfEvaluationsByStudent' does not exist on type 'AssessmentService'. Did you mean 'getSelfEvaluationsByAssessment'?
server/domains/assessments/self-evaluations.controller.ts(113,61): error TS2345: Argument of type 'string[]' is not assignable to parameter of type 'UserRole'.
server/domains/assessments/self-evaluations.controller.ts(116,28): error TS2339: Property 'flagRiskySelfEvaluation' does not exist on type 'AssessmentService'.
server/domains/assessments/submissions.controller.ts(79,66): error TS2345: Argument of type '"teacher"' is not assignable to parameter of type 'UserRole'.
server/domains/assessments/submissions.controller.ts(125,61): error TS2345: Argument of type 'number | null' is not assignable to parameter of type 'number'.
  Type 'null' is not assignable to type 'number'.
server/domains/assessments/submissions.controller.ts(231,73): error TS2345: Argument of type 'number | null' is not assignable to parameter of type 'number'.
  Type 'null' is not assignable to type 'number'.
server/domains/assessments/submissions.controller.ts(291,61): error TS2345: Argument of type 'number | null' is not assignable to parameter of type 'number'.
  Type 'null' is not assignable to type 'number'.
server/domains/assessments/submissions.controller.ts(314,42): error TS2339: Property 'generateFeedbackForQuestion' does not exist on type 'AIService'.
server/domains/competencies/competencies.storage.ts(133,7): error TS2740: Type 'Omit<PgSelectBase<"best_standards", { id: PgColumn<{ name: "id"; tableName: "best_standards"; dataType: "number"; columnType: "PgSerial"; data: number; driverParam: number; notNull: true; hasDefault: true; isPrimaryKey: true; ... 5 more ...; generated: undefined; }, {}, {}>; ... 6 more ...; createdAt: PgColumn<...>;...' is missing the following properties from type 'PgSelectBase<"best_standards", { id: PgColumn<{ name: "id"; tableName: "best_standards"; dataType: "number"; columnType: "PgSerial"; data: number; driverParam: number; notNull: true; hasDefault: true; isPrimaryKey: true; ... 5 more ...; generated: undefined; }, {}, {}>; ... 6 more ...; createdAt: PgColumn<...>; }, ....': config, joinsNotNullableMap, tableName, isPartialSelect, and 5 more.
server/domains/safety-incidents/safety-incidents.controller.ts(13,46): error TS2345: Argument of type '"teacher"' is not assignable to parameter of type 'UserRole'.
server/domains/safety-incidents/safety-incidents.controller.ts(24,47): error TS2345: Argument of type '"teacher"' is not assignable to parameter of type 'UserRole'.
server/domains/safety-incidents/safety-incidents.controller.ts(43,58): error TS2345: Argument of type '"admin"' is not assignable to parameter of type 'UserRole'.
server/domains/safety-incidents/safety-incidents.controller.ts(57,57): error TS2345: Argument of type 'string[]' is not assignable to parameter of type 'UserRole'.
server/domains/safety-incidents/safety-incidents.controller.ts(62,28): error TS2551: Property 'resolveSafetyIncident' does not exist on type 'ISafetyIncidentService'. Did you mean 'createSafetyIncident'?
server/domains/safety-incidents/safety-incidents.storage.ts(35,9): error TS2353: Object literal may only specify known properties, and 'resolution' does not exist in type '{ studentId?: number | SQL<unknown> | PgColumn<ColumnBaseConfig<ColumnDataType, string>, {}, {}> | undefined; incidentType?: string | SQL<...> | PgColumn<...> | undefined; ... 10 more ...; resolvedBy?: number | ... 3 more ... | undefined; }'.
server/middleware/resourceAccess.ts(2,43): error TS2307: Cannot find module '../auth' or its corresponding type declarations.
server/services/BaseService.ts(69,15): error TS2345: Argument of type 'TTable' is not assignable to parameter of type 'TableLikeHasEmptySelection<TTable> extends true ? DrizzleTypeError<"Cannot reference a data-modifying statement subquery if it doesn't contain a `returning` clause"> : TTable'.
  Type 'PgTable<any> & { [x: string]: any; } & { enableRLS: () => Omit<PgTableWithColumns<any>, "enableRLS">; }' is not assignable to type 'TableLikeHasEmptySelection<TTable> extends true ? DrizzleTypeError<"Cannot reference a data-modifying statement subquery if it doesn't contain a `returning` clause"> : TTable'.
server/services/BaseService.ts(89,13): error TS2461: Type 'SelectPartialResult<GetSelectTableSelection<TTable>, Record<TTable["_"]["name"], "not-null">> extends undefined ? QueryResult<...> : SelectPartialResult<...>[]' is not an array type.
server/services/BaseService.ts(110,14): error TS18047: 'result.rowCount' is possibly 'null'.
server/services/BaseService.ts(131,36): error TS2345: Argument of type 'TTable' is not assignable to parameter of type 'TableLikeHasEmptySelection<TTable> extends true ? DrizzleTypeError<"Cannot reference a data-modifying statement subquery if it doesn't contain a `returning` clause"> : TTable'.
  Type 'PgTable<any> & { [x: string]: any; } & { enableRLS: () => Omit<PgTableWithColumns<any>, "enableRLS">; }' is not assignable to type 'TableLikeHasEmptySelection<TTable> extends true ? DrizzleTypeError<"Cannot reference a data-modifying statement subquery if it doesn't contain a `returning` clause"> : TTable'.
server/services/BaseService.ts(174,9): error TS2740: Type 'Omit<PgSelectBase<(string | undefined) & GetSelectTableName<TTable>, Assume<GetSelectTableSelection<TTable>, ColumnsSelection>, ... 5 more ..., Assume<...>>, "where">' is missing the following properties from type 'PgSelectBase<GetSelectTableName<TTable>, GetSelectTableSelection<TTable>, "single", GetSelectTableName<TTable> extends string ? Record<...> : {}, false, never, { [K in keyof { [Key in keyof GetSelectTableSelection<...>]: SelectResultField<...>; }]: { [Key in keyof GetSelectTableSelection<...>]: SelectResultField<......': config, joinsNotNullableMap, tableName, isPartialSelect, and 5 more.
server/services/BaseService.ts(180,9): error TS2740: Type 'Omit<PgSelectBase<(string | undefined) & GetSelectTableName<TTable>, Assume<GetSelectTableSelection<TTable>, ColumnsSelection>, ... 5 more ..., Assume<...>>, "orderBy">' is missing the following properties from type 'PgSelectBase<GetSelectTableName<TTable>, GetSelectTableSelection<TTable>, "single", GetSelectTableName<TTable> extends string ? Record<...> : {}, false, never, { [K in keyof { [Key in keyof GetSelectTableSelection<...>]: SelectResultField<...>; }]: { [Key in keyof GetSelectTableSelection<...>]: SelectResultField<......': config, joinsNotNullableMap, tableName, isPartialSelect, and 5 more.
server/services/BaseService.ts(185,29): error TS2339: Property 'raw' does not exist on type 'NeonDatabase<typeof import("/Users/dennis/Documents/Projects/2025/MasteryMap/MasteryMap/shared/schema")> & { $client: Pool; }'.
server/services/BaseService.ts(186,15): error TS2345: Argument of type 'TTable' is not assignable to parameter of type 'TableLikeHasEmptySelection<TTable> extends true ? DrizzleTypeError<"Cannot reference a data-modifying statement subquery if it doesn't contain a `returning` clause"> : TTable'.
  Type 'PgTable<any> & { [x: string]: any; } & { enableRLS: () => Omit<PgTableWithColumns<any>, "enableRLS">; }' is not assignable to type 'TableLikeHasEmptySelection<TTable> extends true ? DrizzleTypeError<"Cannot reference a data-modifying statement subquery if it doesn't contain a `returning` clause"> : TTable'.
server/services/BaseService.ts(197,7): error TS2740: Type 'Omit<PgSelectBase<(undefined & GetSelectTableName<TTable>) | (string & GetSelectTableName<TTable>), Assume<Assume<GetSelectTableSelection<TTable>, ColumnsSelection>, ColumnsSelection>, ... 5 more ..., Assume<...>>, "limit" | "offset">' is missing the following properties from type 'PgSelectBase<GetSelectTableName<TTable>, GetSelectTableSelection<TTable>, "single", GetSelectTableName<TTable> extends string ? Record<...> : {}, false, never, { [K in keyof { [Key in keyof GetSelectTableSelection<...>]: SelectResultField<...>; }]: { [Key in keyof GetSelectTableSelection<...>]: SelectResultField<......': config, joinsNotNullableMap, tableName, isPartialSelect, and 6 more.
server/services/BaseService.ts(222,15): error TS2345: Argument of type 'TTable' is not assignable to parameter of type 'TableLikeHasEmptySelection<TTable> extends true ? DrizzleTypeError<"Cannot reference a data-modifying statement subquery if it doesn't contain a `returning` clause"> : TTable'.
  Type 'PgTable<any> & { [x: string]: any; } & { enableRLS: () => Omit<PgTableWithColumns<any>, "enableRLS">; }' is not assignable to type 'TableLikeHasEmptySelection<TTable> extends true ? DrizzleTypeError<"Cannot reference a data-modifying statement subquery if it doesn't contain a `returning` clause"> : TTable'.
server/services/BaseService.ts(242,15): error TS2345: Argument of type 'TTable' is not assignable to parameter of type 'TableLikeHasEmptySelection<TTable> extends true ? DrizzleTypeError<"Cannot reference a data-modifying statement subquery if it doesn't contain a `returning` clause"> : TTable'.
  Type 'PgTable<any> & { [x: string]: any; } & { enableRLS: () => Omit<PgTableWithColumns<any>, "enableRLS">; }' is not assignable to type 'TableLikeHasEmptySelection<TTable> extends true ? DrizzleTypeError<"Cannot reference a data-modifying statement subquery if it doesn't contain a `returning` clause"> : TTable'.
server/services/BaseService.ts(261,15): error TS2345: Argument of type 'TTable' is not assignable to parameter of type 'TableLikeHasEmptySelection<TTable> extends true ? DrizzleTypeError<"Cannot reference a data-modifying statement subquery if it doesn't contain a `returning` clause"> : TTable'.
  Type 'PgTable<any> & { [x: string]: any; } & { enableRLS: () => Omit<PgTableWithColumns<any>, "enableRLS">; }' is not assignable to type 'TableLikeHasEmptySelection<TTable> extends true ? DrizzleTypeError<"Cannot reference a data-modifying statement subquery if it doesn't contain a `returning` clause"> : TTable'.
server/services/BaseService.ts(281,14): error TS2352: Conversion of type 'TTable["$inferSelect"] extends undefined ? QueryResult<never> : TTable["$inferSelect"][]' to type 'TEntity[]' may be a mistake because neither type sufficiently overlaps with the other. If this was intentional, convert the expression to 'unknown' first.
  Type '{ [x: string]: any; }[]' is not comparable to type 'TEntity[]'.
    Type '{ [x: string]: any; }' is not comparable to type 'TEntity'.
      'TEntity' could be instantiated with an arbitrary type which could be unrelated to '{ [x: string]: any; }'.
server/services/BaseService.ts(329,7): error TS2322: Type 'number | null' is not assignable to type 'number'.
  Type 'null' is not assignable to type 'number'.
server/services/BaseService.ts(341,29): error TS2339: Property 'raw' does not exist on type 'NeonDatabase<typeof import("/Users/dennis/Documents/Projects/2025/MasteryMap/MasteryMap/shared/schema")> & { $client: Pool; }'.
server/services/BaseService.ts(342,15): error TS2345: Argument of type 'TTable' is not assignable to parameter of type 'TableLikeHasEmptySelection<TTable> extends true ? DrizzleTypeError<"Cannot reference a data-modifying statement subquery if it doesn't contain a `returning` clause"> : TTable'.
  Type 'PgTable<any> & { [x: string]: any; } & { enableRLS: () => Omit<PgTableWithColumns<any>, "enableRLS">; }' is not assignable to type 'TableLikeHasEmptySelection<TTable> extends true ? DrizzleTypeError<"Cannot reference a data-modifying statement subquery if it doesn't contain a `returning` clause"> : TTable'.
server/services/BaseService.ts(349,9): error TS2740: Type 'Omit<PgSelectBase<(string | undefined) & GetSelectTableName<TTable>, { count: any; }, "partial", Assume<GetSelectTableName<TTable> extends string ? Record<...> : {}, Record<...>>, false, "where", SelectPartialResult<...>[], { ...; }>, "where">' is missing the following properties from type 'PgSelectBase<GetSelectTableName<TTable>, { count: any; }, "partial", GetSelectTableName<TTable> extends string ? Record<string & GetSelectTableName<...>, "not-null"> : {}, false, never, SelectPartialResult<...>[], { ...; }>': config, joinsNotNullableMap, tableName, isPartialSelect, and 5 more.
server/services/notifications.ts(83,8): error TS2339: Property 'where' does not exist on type 'Omit<PgSelectBase<"users", { id: PgColumn<{ name: "id"; tableName: "users"; dataType: "number"; columnType: "PgSerial"; data: number; driverParam: number; notNull: true; hasDefault: true; isPrimaryKey: true; isAutoincrement: false; ... 4 more ...; generated: undefined; }, {}, {}>; username: PgColumn<...>; }, ... 5 m...'.
server/services/notifications.ts(192,4): error TS2339: Property 'where' does not exist on type 'Omit<PgSelectBase<"users", { id: PgColumn<{ name: "id"; tableName: "users"; dataType: "number"; columnType: "PgSerial"; data: number; driverParam: number; notNull: true; hasDefault: true; isPrimaryKey: true; isAutoincrement: false; ... 4 more ...; generated: undefined; }, {}, {}>; username: PgColumn<...>; }, ... 5 m...'.
